<?xml version="1.0" encoding="UTF-8"?>
<!-- Generated by org.testng.reporters.JUnitReportReporter -->
<testsuite hostname="LAPTOP-PA8VCPHV" failures="0" tests="2" name="pack1234.DataDriven" time="26.373" errors="0" timestamp="2020-12-02T14:01:09 IST" skipped="0">
  <testcase classname="pack1234.DataDriven" name="verify" time="12.423"/>
  <system-out/>
  <testcase classname="pack1234.DataDriven" name="verify" time="13.950"/>
  <system-out/>
</testsuite> <!-- pack1234.DataDriven -->
